Reading netlist file: "D:\src\tn9k_f18a\fpga\tn9k_f18A\impl\gwsynthesis\tn9k_f18A.vg"
Parsing netlist file "D:\src\tn9k_f18a\fpga\tn9k_f18A\impl\gwsynthesis\tn9k_f18A.vg" completed
Processing netlist completed
Reading constraint file: "D:\src\tn9k_f18a\fpga\tn9k_f18A\src\tn9k_f18A.cst"
Physical Constraint parsed completed
Running placement......
[10%] Placement Phase 0 completed
[20%] Placement Phase 1 completed
[30%] Placement Phase 2 completed
[50%] Placement Phase 3 completed
Running routing......
[60%] Routing Phase 0 completed
[70%] Routing Phase 1 completed
[80%] Routing Phase 2 completed
[90%] Routing Phase 3 completed
Running timing analysis......
[95%] Timing analysis completed
Placement and routing completed
Bitstream generation in progress......
Bitstream generation completed
Running power analysis......
[100%] Power analysis completed
Generate file "D:\src\tn9k_f18a\fpga\tn9k_f18A\impl\pnr\tn9k_f18A.power.html" completed
Generate file "D:\src\tn9k_f18a\fpga\tn9k_f18A\impl\pnr\tn9k_f18A.pin.html" completed
Generate file "D:\src\tn9k_f18a\fpga\tn9k_f18A\impl\pnr\tn9k_f18A.rpt.html" completed
Generate file "D:\src\tn9k_f18a\fpga\tn9k_f18A\impl\pnr\tn9k_f18A.rpt.txt" completed
Generate file "D:\src\tn9k_f18a\fpga\tn9k_f18A\impl\pnr\tn9k_f18A.tr.html" completed
Fri May 19 10:51:11 2023

