Reading netlist file: "D:\src\tn_vdp\fpga\tn_vdp_v2_v9958\impl\gwsynthesis\tn_vdp_v9958.vg"
Parsing netlist file "D:\src\tn_vdp\fpga\tn_vdp_v2_v9958\impl\gwsynthesis\tn_vdp_v9958.vg" completed
Processing netlist completed
Reading constraint file: "D:\src\tn_vdp\fpga\tn_vdp_v2_v9958\src\v9958.cst"
Physical Constraint parsed completed
Running placement......
[10%] Placement Phase 0 completed
[20%] Placement Phase 1 completed
[30%] Placement Phase 2 completed
[50%] Placement Phase 3 completed
Running routing......
[60%] Routing Phase 0 completed
[70%] Routing Phase 1 completed
[80%] Routing Phase 2 completed
[90%] Routing Phase 3 completed
Running timing analysis......
[95%] Timing analysis completed
Placement and routing completed
Bitstream generation in progress......
Bitstream generation completed
Running power analysis......
[100%] Power analysis completed
Generate file "D:\src\tn_vdp\fpga\tn_vdp_v2_v9958\impl\pnr\tn_vdp_v9958.power.html" completed
Generate file "D:\src\tn_vdp\fpga\tn_vdp_v2_v9958\impl\pnr\tn_vdp_v9958.pin.html" completed
Generate file "D:\src\tn_vdp\fpga\tn_vdp_v2_v9958\impl\pnr\tn_vdp_v9958.rpt.html" completed
Generate file "D:\src\tn_vdp\fpga\tn_vdp_v2_v9958\impl\pnr\tn_vdp_v9958.rpt.txt" completed
Generate file "D:\src\tn_vdp\fpga\tn_vdp_v2_v9958\impl\pnr\tn_vdp_v9958.tr.html" completed
Thu Jun 08 20:27:10 2023

